0 info it worked if it ends with ok
1 verbose cli [ 'C:\\Program Files\\nodejs\\node.exe',
1 verbose cli   'C:\\Users\\lotus\\AppData\\Roaming\\npm\\node_modules\\npm\\bin\\npm-cli.js',
1 verbose cli   'start' ]
2 info using npm@3.10.8
3 info using node@v4.4.2
4 verbose run-script [ 'prestart', 'start', 'poststart' ]
5 info lifecycle vue-project@1.0.0~prestart: vue-project@1.0.0
6 silly lifecycle vue-project@1.0.0~prestart: no script for prestart, continuing
7 info lifecycle vue-project@1.0.0~start: vue-project@1.0.0
8 verbose lifecycle vue-project@1.0.0~start: unsafe-perm in lifecycle true
9 verbose lifecycle vue-project@1.0.0~start: PATH: C:\Users\lotus\AppData\Roaming\npm\node_modules\npm\bin\node-gyp-bin;D:\Project\own\git\wangxiaotian\vue\vue-project\node_modules\.bin;C:\Users\lotus\bin;D:\Program Files\Git\mingw64\bin;D:\Program Files\Git\usr\local\bin;D:\Program Files\Git\usr\bin;D:\Program Files\Git\usr\bin;D:\Program Files\Git\mingw64\bin;D:\Program Files\Git\usr\bin;C:\Users\lotus\bin;C:\ProgramData\Oracle\Java\javapath;D:\soft-ware\mysql\mysql-5.6.25\bin;D:\Program Files\apache-maven-3.2.5\bin;D:\Program Files\Java\jdk1.8.0_31\bin;C:\Windows\system32;C:\Windows;C:\Windows\System32\Wbem;C:\Windows\System32\WindowsPowerShell\v1.0;D:\Program Files\Git\cmd;C:\Program Files\nodejs;D:\软件\SVN\tortoise\bin;C:\Program Files (x86)\MySQL\MySQL Fabric 1.5 & MySQL Utilities 1.5;C:\Program Files (x86)\MySQL\MySQL Fabric 1.5 & MySQL Utilities 1.5\Doctrine extensions for PHP;C:\Program Files (x86)\Heroku\bin;C:\Program Files (x86)\ruby-1.9.2\bin;C:\Program Files (x86)\git\bin;C:\Program Files (x86)\git\cmd;C:\Users\lotus\AppData\Roaming\npm;D:\Program Files\Git\usr\bin\vendor_perl;D:\Program Files\Git\usr\bin\core_perl
10 verbose lifecycle vue-project@1.0.0~start: CWD: D:\Project\own\git\wangxiaotian\vue\vue-project
11 silly lifecycle vue-project@1.0.0~start: Args: [ '/d /s /c', 'webpack-dev-server --inline' ]
12 silly lifecycle vue-project@1.0.0~start: Returned: code: 1  signal: null
13 info lifecycle vue-project@1.0.0~start: Failed to exec start script
14 verbose stack Error: vue-project@1.0.0 start: `webpack-dev-server --inline`
14 verbose stack Exit status 1
14 verbose stack     at EventEmitter.<anonymous> (C:\Users\lotus\AppData\Roaming\npm\node_modules\npm\lib\utils\lifecycle.js:255:16)
14 verbose stack     at emitTwo (events.js:87:13)
14 verbose stack     at EventEmitter.emit (events.js:172:7)
14 verbose stack     at ChildProcess.<anonymous> (C:\Users\lotus\AppData\Roaming\npm\node_modules\npm\lib\utils\spawn.js:40:14)
14 verbose stack     at emitTwo (events.js:87:13)
14 verbose stack     at ChildProcess.emit (events.js:172:7)
14 verbose stack     at maybeClose (internal/child_process.js:827:16)
14 verbose stack     at Process.ChildProcess._handle.onexit (internal/child_process.js:211:5)
15 verbose pkgid vue-project@1.0.0
16 verbose cwd D:\Project\own\git\wangxiaotian\vue\vue-project
17 error Windows_NT 10.0.10240
18 error argv "C:\\Program Files\\nodejs\\node.exe" "C:\\Users\\lotus\\AppData\\Roaming\\npm\\node_modules\\npm\\bin\\npm-cli.js" "start"
19 error node v4.4.2
20 error npm  v3.10.8
21 error code ELIFECYCLE
22 error vue-project@1.0.0 start: `webpack-dev-server --inline`
22 error Exit status 1
23 error Failed at the vue-project@1.0.0 start script 'webpack-dev-server --inline'.
23 error Make sure you have the latest version of node.js and npm installed.
23 error If you do, this is most likely a problem with the vue-project package,
23 error not with npm itself.
23 error Tell the author that this fails on your system:
23 error     webpack-dev-server --inline
23 error You can get information on how to open an issue for this project with:
23 error     npm bugs vue-project
23 error Or if that isn't available, you can get their info via:
23 error     npm owner ls vue-project
23 error There is likely additional logging output above.
24 verbose exit [ 1, true ]
