0 info it worked if it ends with ok
1 verbose cli [ 'C:\\Program Files (x86)\\nodejs\\node.exe',
1 verbose cli   'C:\\Program Files (x86)\\nodejs\\node_modules\\npm\\bin\\npm-cli.js',
1 verbose cli   'run',
1 verbose cli   'dev' ]
2 info using npm@3.10.10
3 info using node@v7.2.1
4 verbose run-script [ 'predev', 'dev', 'postdev' ]
5 info lifecycle vue-1230@1.0.0~predev: vue-1230@1.0.0
6 silly lifecycle vue-1230@1.0.0~predev: no script for predev, continuing
7 info lifecycle vue-1230@1.0.0~dev: vue-1230@1.0.0
8 verbose lifecycle vue-1230@1.0.0~dev: unsafe-perm in lifecycle true
9 verbose lifecycle vue-1230@1.0.0~dev: PATH: C:\Program Files (x86)\nodejs\node_modules\npm\bin\node-gyp-bin;F:\office\repositray\wangxiaotian\vue\vue-1230\node_modules\.bin;C:\Users\tianyun\bin;D:\software\front-end\git\Git\mingw64\bin;D:\software\front-end\git\Git\usr\local\bin;D:\software\front-end\git\Git\usr\bin;D:\software\front-end\git\Git\usr\bin;D:\software\front-end\git\Git\mingw64\bin;D:\software\front-end\git\Git\usr\bin;C:\Users\tianyun\bin;C:\ProgramData\Oracle\Java\javapath;C:\WINDOWS\system32;C:\WINDOWS;C:\WINDOWS\System32\Wbem;C:\WINDOWS\System32\WindowsPowerShell\v1.0;C:\Program Files (x86)\Intel\OpenCL SDK\2.0\bin\x86;C:\Program Files (x86)\Intel\OpenCL SDK\2.0\bin\x64;D:\software\front-end\git\Git\cmd;C:\Program Files (x86)\NVIDIA Corporation\PhysX\Common;C:\Program Files (x86)\MySQL\MySQL Fabric 1.5 & MySQL Utilities 1.5;C:\Program Files (x86)\MySQL\MySQL Fabric 1.5 & MySQL Utilities 1.5\Doctrine extensions for PHP;D:\software\front-end\heroku\install\Heroku\bin;C:\Program Files (x86)\ruby-1.9.2\bin;C:\Program Files (x86)\git\bin;C:\Program Files (x86)\git\cmd;D:\software\back-end\mongodb\mongodb\bin;C:\Program Files (x86)\nodejs;C:\Users\tianyun\AppData\Roaming\npm;D:\software\front-end\git\Git\usr\bin\vendor_perl;D:\software\front-end\git\Git\usr\bin\core_perl
10 verbose lifecycle vue-1230@1.0.0~dev: CWD: F:\office\repositray\wangxiaotian\vue\vue-1230
11 silly lifecycle vue-1230@1.0.0~dev: Args: [ '/d /s /c', 'webpack-dev-server --inline' ]
12 silly lifecycle vue-1230@1.0.0~dev: Returned: code: 1073807364  signal: null
13 info lifecycle vue-1230@1.0.0~dev: Failed to exec dev script
14 verbose stack Error: vue-1230@1.0.0 dev: `webpack-dev-server --inline`
14 verbose stack Exit status 1073807364
14 verbose stack     at EventEmitter.<anonymous> (C:\Program Files (x86)\nodejs\node_modules\npm\lib\utils\lifecycle.js:255:16)
14 verbose stack     at emitTwo (events.js:106:13)
14 verbose stack     at EventEmitter.emit (events.js:191:7)
14 verbose stack     at ChildProcess.<anonymous> (C:\Program Files (x86)\nodejs\node_modules\npm\lib\utils\spawn.js:40:14)
14 verbose stack     at emitTwo (events.js:106:13)
14 verbose stack     at ChildProcess.emit (events.js:191:7)
14 verbose stack     at maybeClose (internal/child_process.js:885:16)
14 verbose stack     at Process.ChildProcess._handle.onexit (internal/child_process.js:226:5)
15 verbose pkgid vue-1230@1.0.0
16 verbose cwd F:\office\repositray\wangxiaotian\vue\vue-1230
17 error Windows_NT 6.3.9600
18 error argv "C:\\Program Files (x86)\\nodejs\\node.exe" "C:\\Program Files (x86)\\nodejs\\node_modules\\npm\\bin\\npm-cli.js" "run" "dev"
19 error node v7.2.1
20 error npm  v3.10.10
21 error code ELIFECYCLE
22 error vue-1230@1.0.0 dev: `webpack-dev-server --inline`
22 error Exit status 1073807364
23 error Failed at the vue-1230@1.0.0 dev script 'webpack-dev-server --inline'.
23 error Make sure you have the latest version of node.js and npm installed.
23 error If you do, this is most likely a problem with the vue-1230 package,
23 error not with npm itself.
23 error Tell the author that this fails on your system:
23 error     webpack-dev-server --inline
23 error You can get information on how to open an issue for this project with:
23 error     npm bugs vue-1230
23 error Or if that isn't available, you can get their info via:
23 error     npm owner ls vue-1230
23 error There is likely additional logging output above.
24 verbose exit [ 1, true ]
